[02-Apr-2024 23:49:34 UTC] PHP Parse error:  syntax error, unexpected 'function' (T_FUNCTION) in /Users/michaelpena/Local Sites/bootstrap2wordpress/app/public/wp-content/themes/bootstrap2wordpress/functions.php on line 7
[02-Apr-2024 23:50:10 UTC] PHP Parse error:  syntax error, unexpected 'function' (T_FUNCTION) in /Users/michaelpena/Local Sites/bootstrap2wordpress/app/public/wp-content/themes/bootstrap2wordpress/functions.php on line 7
[02-Apr-2024 23:50:13 UTC] PHP Parse error:  syntax error, unexpected 'function' (T_FUNCTION) in /Users/michaelpena/Local Sites/bootstrap2wordpress/app/public/wp-content/themes/bootstrap2wordpress/functions.php on line 7
[02-Apr-2024 23:50:14 UTC] PHP Parse error:  syntax error, unexpected 'function' (T_FUNCTION) in /Users/michaelpena/Local Sites/bootstrap2wordpress/app/public/wp-content/themes/bootstrap2wordpress/functions.php on line 7
[02-Apr-2024 23:50:31 UTC] PHP Parse error:  syntax error, unexpected 'function' (T_FUNCTION) in /Users/michaelpena/Local Sites/bootstrap2wordpress/app/public/wp-content/themes/bootstrap2wordpress/functions.php on line 7
[02-Apr-2024 23:50:53 UTC] PHP Parse error:  syntax error, unexpected 'function' (T_FUNCTION) in /Users/michaelpena/Local Sites/bootstrap2wordpress/app/public/wp-content/themes/bootstrap2wordpress/functions.php on line 7
[02-Apr-2024 23:59:29 UTC] PHP Parse error:  syntax error, unexpected 'function' (T_FUNCTION) in /Users/michaelpena/Local Sites/bootstrap2wordpress/app/public/wp-content/themes/bootstrap2wordpress/functions.php on line 7
[02-Apr-2024 23:59:30 UTC] PHP Parse error:  syntax error, unexpected 'function' (T_FUNCTION) in /Users/michaelpena/Local Sites/bootstrap2wordpress/app/public/wp-content/themes/bootstrap2wordpress/functions.php on line 7
[02-Apr-2024 23:59:31 UTC] PHP Parse error:  syntax error, unexpected 'function' (T_FUNCTION) in /Users/michaelpena/Local Sites/bootstrap2wordpress/app/public/wp-content/themes/bootstrap2wordpress/functions.php on line 7
[02-Apr-2024 23:59:32 UTC] PHP Parse error:  syntax error, unexpected 'function' (T_FUNCTION) in /Users/michaelpena/Local Sites/bootstrap2wordpress/app/public/wp-content/themes/bootstrap2wordpress/functions.php on line 7
[03-Apr-2024 00:04:51 UTC] PHP Warning:  Use of undefined constant PHP - assumed 'PHP' (this will throw an Error in a future version of PHP) in /Users/michaelpena/Local Sites/bootstrap2wordpress/app/public/wp-content/themes/bootstrap2wordpress/functions.php on line 1
[03-Apr-2024 00:04:51 UTC] PHP Warning:  Use of undefined constant PHP - assumed 'PHP' (this will throw an Error in a future version of PHP) in /Users/michaelpena/Local Sites/bootstrap2wordpress/app/public/wp-content/themes/bootstrap2wordpress/functions.php on line 1
[03-Apr-2024 00:04:51 UTC] PHP Warning:  Use of undefined constant PHP - assumed 'PHP' (this will throw an Error in a future version of PHP) in /Users/michaelpena/Local Sites/bootstrap2wordpress/app/public/wp-content/themes/bootstrap2wordpress/functions.php on line 1
[03-Apr-2024 00:04:51 UTC] PHP Warning:  Use of undefined constant PHP - assumed 'PHP' (this will throw an Error in a future version of PHP) in /Users/michaelpena/Local Sites/bootstrap2wordpress/app/public/wp-content/themes/bootstrap2wordpress/functions.php on line 1
[03-Apr-2024 00:04:51 UTC] PHP Warning:  Use of undefined constant PHP - assumed 'PHP' (this will throw an Error in a future version of PHP) in /Users/michaelpena/Local Sites/bootstrap2wordpress/app/public/wp-content/themes/bootstrap2wordpress/functions.php on line 1
[03-Apr-2024 00:04:51 UTC] PHP Warning:  Use of undefined constant PHP - assumed 'PHP' (this will throw an Error in a future version of PHP) in /Users/michaelpena/Local Sites/bootstrap2wordpress/app/public/wp-content/themes/bootstrap2wordpress/functions.php on line 1
[03-Apr-2024 00:04:51 UTC] PHP Warning:  Use of undefined constant PHP - assumed 'PHP' (this will throw an Error in a future version of PHP) in /Users/michaelpena/Local Sites/bootstrap2wordpress/app/public/wp-content/themes/bootstrap2wordpress/functions.php on line 1
[03-Apr-2024 00:04:52 UTC] PHP Warning:  Use of undefined constant PHP - assumed 'PHP' (this will throw an Error in a future version of PHP) in /Users/michaelpena/Local Sites/bootstrap2wordpress/app/public/wp-content/themes/bootstrap2wordpress/functions.php on line 1
[05-Apr-2024 17:10:01 UTC] PHP Fatal error:  Uncaught Error: Call to undefined function get_them_mod() in /Users/michaelpena/Local Sites/bootstrap2wordpress/app/public/wp-content/themes/bootstrap2wordpress/template-parts/banner-title.php:113
Stack trace:
#0 /Users/michaelpena/Local Sites/bootstrap2wordpress/app/public/wp-includes/template.php(812): require()
#1 /Users/michaelpena/Local Sites/bootstrap2wordpress/app/public/wp-includes/template.php(745): load_template('/Users/michaelp...', false, Array)
#2 /Users/michaelpena/Local Sites/bootstrap2wordpress/app/public/wp-includes/general-template.php(206): locate_template(Array, true, false, Array)
#3 /Users/michaelpena/Local Sites/bootstrap2wordpress/app/public/wp-content/themes/bootstrap2wordpress/index.php(4): get_template_part('template-parts/...', 'title')
#4 /Users/michaelpena/Local Sites/bootstrap2wordpress/app/public/wp-includes/template-loader.php(106): include('/Users/michaelp...')
#5 /Users/michaelpena/Local Sites/bootstrap2wordpress/app/public/wp-blog-header.php(19): require_once('/Users/michae in /Users/michaelpena/Local Sites/bootstrap2wordpress/app/public/wp-content/themes/bootstrap2wordpress/template-parts/banner-title.php on line 113
[05-Apr-2024 20:45:23 UTC] PHP Parse error:  syntax error, unexpected 'else' (T_ELSE) in /Users/michaelpena/Local Sites/bootstrap2wordpress/app/public/wp-content/themes/bootstrap2wordpress/index.php on line 23
[24-Apr-2024 03:55:33 UTC] PHP Parse error:  syntax error, unexpected '=>' (T_DOUBLE_ARROW), expecting ')' in /Users/michaelpena/Local Sites/bootstrap2wordpress/app/public/wp-content/themes/bootstrap2wordpress/includes/customizer-b2w.php on line 36
[29-Apr-2024 16:49:23 UTC] PHP Warning:  Constant WP_ENVIRONMENT_TYPE already defined in /Users/michaelpena/Local Sites/bootstrap2wordpress/app/public/wp-config.php on line 161
[29-Apr-2024 16:49:25 UTC] PHP Warning:  Constant WP_ENVIRONMENT_TYPE already defined in /Users/michaelpena/Local Sites/bootstrap2wordpress/app/public/wp-config.php on line 161
[29-Apr-2024 16:50:10 UTC] PHP Warning:  Constant WP_ENVIRONMENT_TYPE already defined in /Users/michaelpena/Local Sites/bootstrap2wordpress/app/public/wp-config.php on line 161
[29-Apr-2024 16:50:12 UTC] PHP Warning:  Constant WP_ENVIRONMENT_TYPE already defined in /Users/michaelpena/Local Sites/bootstrap2wordpress/app/public/wp-config.php on line 161
[29-Apr-2024 16:52:44 UTC] PHP Warning:  Constant WP_ENVIRONMENT_TYPE already defined in /Users/michaelpena/Local Sites/bootstrap2wordpress/app/public/wp-config.php on line 161
[29-Apr-2024 16:53:54 UTC] PHP Warning:  Constant WP_ENVIRONMENT_TYPE already defined in /Users/michaelpena/Local Sites/bootstrap2wordpress/app/public/wp-config.php on line 161
[29-Apr-2024 17:13:30 UTC] PHP Warning:  Constant WP_ENVIRONMENT_TYPE already defined in /Users/michaelpena/Local Sites/bootstrap2wordpress/app/public/wp-config.php on line 161
[29-Apr-2024 17:13:33 UTC] PHP Warning:  Constant WP_ENVIRONMENT_TYPE already defined in /Users/michaelpena/Local Sites/bootstrap2wordpress/app/public/wp-config.php on line 161
[29-Apr-2024 17:13:34 UTC] PHP Warning:  Constant WP_ENVIRONMENT_TYPE already defined in /Users/michaelpena/Local Sites/bootstrap2wordpress/app/public/wp-config.php on line 161
[29-Apr-2024 17:25:31 UTC] PHP Warning:  Constant WP_ENVIRONMENT_TYPE already defined in /Users/michaelpena/Local Sites/bootstrap2wordpress/app/public/wp-config.php on line 161
[29-Apr-2024 17:27:20 UTC] PHP Warning:  Constant WP_ENVIRONMENT_TYPE already defined in /Users/michaelpena/Local Sites/bootstrap2wordpress/app/public/wp-config.php on line 161
[29-Apr-2024 17:27:23 UTC] PHP Warning:  Constant WP_ENVIRONMENT_TYPE already defined in /Users/michaelpena/Local Sites/bootstrap2wordpress/app/public/wp-config.php on line 161
[29-Apr-2024 17:35:29 UTC] PHP Warning:  Constant WP_ENVIRONMENT_TYPE already defined in /Users/michaelpena/Local Sites/bootstrap2wordpress/app/public/wp-config.php on line 161
